获取所有书籍信息
Closing WebApplicationContext for namespace 'Library-servlet': startup date [Fri Sep 29 23:54:05 CST 2017]; parent: Root WebApplicationContext
Closing Root WebApplicationContext: startup date [Fri Sep 29 23:54:04 CST 2017]; root of context hierarchy
Root WebApplicationContext: initialization started
Refreshing Root WebApplicationContext: startup date [Sat Sep 30 00:10:24 CST 2017]; root of context hierarchy
Loading XML bean definitions from class path resource [config/spring-mybatis.xml]
Loading properties file from class path resource [properties/jdbc.properties]
JSR-330 'javax.inject.Inject' annotation found and supported for autowiring
Root WebApplicationContext: initialization completed in 889 ms
FrameworkServlet 'Library': initialization started
Refreshing WebApplicationContext for namespace 'Library-servlet': startup date [Sat Sep 30 00:10:25 CST 2017]; parent: Root WebApplicationContext
Loading XML bean definitions from class path resource [config/spring-mvc.xml]
JSR-330 'javax.inject.Inject' annotation found and supported for autowiring
Mapped URL path [/getBookCategory] onto handler 'bookController'
Mapped URL path [/getBookCategory.*] onto handler 'bookController'
Mapped URL path [/getBookCategory/] onto handler 'bookController'
Mapped URL path [/book] onto handler 'bookController'
Mapped URL path [/book.*] onto handler 'bookController'
Mapped URL path [/book/] onto handler 'bookController'
Mapped URL path [/book/{C_ID}] onto handler 'bookController'
Mapped URL path [/book/{C_ID}.*] onto handler 'bookController'
Mapped URL path [/book/{C_ID}/] onto handler 'bookController'
Mapped URL path [/book/{c_ID}] onto handler 'bookController'
Mapped URL path [/book/{c_ID}.*] onto handler 'bookController'
Mapped URL path [/book/{c_ID}/] onto handler 'bookController'
Mapped URL path [/user/saveMyJsp] onto handler 'userController'
Mapped URL path [/user/saveMyJsp.*] onto handler 'userController'
Mapped URL path [/user/saveMyJsp/] onto handler 'userController'
Mapped URL path [/user/userAll] onto handler 'userController'
Mapped URL path [/user/userAll.*] onto handler 'userController'
Mapped URL path [/user/userAll/] onto handler 'userController'
Mapped URL path [/user/showUser] onto handler 'userController'
Mapped URL path [/user/showUser.*] onto handler 'userController'
Mapped URL path [/user/showUser/] onto handler 'userController'
Mapped URL path [/user/myJsp] onto handler 'userController'
Mapped URL path [/user/myJsp.*] onto handler 'userController'
Mapped URL path [/user/myJsp/] onto handler 'userController'
FrameworkServlet 'Library': initialization completed in 408 ms
获取所有书籍信息
Closing WebApplicationContext for namespace 'Library-servlet': startup date [Sat Sep 30 00:10:25 CST 2017]; parent: Root WebApplicationContext
Closing Root WebApplicationContext: startup date [Sat Sep 30 00:10:24 CST 2017]; root of context hierarchy
